<?xml version="1.0" encoding="UTF-8"?>
<testng-results skipped="0" failed="0" total="1" passed="1">
  <reporter-output>
  </reporter-output>
  <suite name="Default suite" duration-ms="1046" started-at="2016-11-07T05:48:35Z" finished-at="2016-11-07T05:48:36Z">
    <groups>
    </groups>
    <test name="Default test" duration-ms="1046" started-at="2016-11-07T05:48:35Z" finished-at="2016-11-07T05:48:36Z">
      <class name="testCase.TestCase_Login">
        <test-method status="PASS" signature="request(java.lang.String, java.lang.String, java.lang.String, java.lang.String, java.lang.String, java.lang.String, java.lang.String, java.lang.String, java.lang.String, java.lang.String, java.lang.String, java.lang.String)[pri:0, instance:testCase.TestCase_Login@6442b0a6]" name="request" duration-ms="1033" started-at="2016-11-07T13:48:35Z" data-provider="data" finished-at="2016-11-07T13:48:36Z">
          <params>
            <param index="0">
              <value>
                <![CDATA[15858197676]]>
              </value>
            </param>
            <param index="1">
              <value>
                <![CDATA[2.2]]>
              </value>
            </param>
            <param index="2">
              <value>
                <![CDATA[2.2]]>
              </value>
            </param>
            <param index="3">
              <value>
                <![CDATA[2]]>
              </value>
            </param>
            <param index="4">
              <value>
                <![CDATA[浙江省]]>
              </value>
            </param>
            <param index="5">
              <value>
                <![CDATA[杭州市]]>
              </value>
            </param>
            <param index="6">
              <value>
                <![CDATA[滨江区]]>
              </value>
            </param>
            <param index="7">
              <value>
                <![CDATA[120.180328]]>
              </value>
            </param>
            <param index="8">
              <value>
                <![CDATA[30.187704]]>
              </value>
            </param>
            <param index="9">
              <value>
                <![CDATA[1]]>
              </value>
            </param>
            <param index="10">
              <value>
                <![CDATA[大叔3号]]>
              </value>
            </param>
            <param index="11">
              <value>
                <![CDATA[10]]>
              </value>
            </param>
          </params>
          <reporter-output>
          </reporter-output>
        </test-method> <!-- request -->
      </class> <!-- testCase.TestCase_Login -->
    </test> <!-- Default test -->
  </suite> <!-- Default suite -->
</testng-results>
